<?xml version="1.0" encoding="UTF-8"?>
<!-- Generated by org.testng.reporters.JUnitXMLReporter -->
<testsuite ignored="0" hostname="DESKTOP-G46RFNJ" failures="0" tests="6" name="Default test" time="0.106" errors="0" timestamp="2022-09-05T22:01:27 IST">
  <testcase classname="org.testNg.Priority1" name="Update" time="0.017"/>
  <testcase classname="org.testNg.Priority1" name="update" time="0.003"/>
  <testcase classname="org.testNg.Priority1" name="CreateCustomer" time="0.001"/>
  <testcase classname="org.testNg.Priority1" name="Login" time="0.006"/>
  <testcase classname="org.testNg.Priority1" name="Delete" time="0.002"/>
  <testcase classname="org.testNg.Priority1" name="logout" time="0.006"/>
</testsuite> <!-- Default test -->
