<?xml version="1.0" encoding="UTF-8"?>
<testng-results ignored="0" total="6" passed="6" failed="0" skipped="0">
  <reporter-output>
  </reporter-output>
  <suite started-at="2022-09-05T22:01:27 IST" name="Default suite" finished-at="2022-09-05T22:01:27 IST" duration-ms="106">
    <groups>
    </groups>
    <test started-at="2022-09-05T22:01:27 IST" name="Default test" finished-at="2022-09-05T22:01:27 IST" duration-ms="106">
      <class name="org.testNg.Priority1">
        <test-method signature="Update()[pri:0, instance:org.testNg.Priority1@5f058f00]" started-at="2022-09-05T22:01:27 IST" name="Update" finished-at="2022-09-05T22:01:27 IST" duration-ms="17" status="PASS">
          <reporter-output>
          </reporter-output>
        </test-method> <!-- Update -->
        <test-method signature="update()[pri:0, instance:org.testNg.Priority1@5f058f00]" started-at="2022-09-05T22:01:27 IST" name="update" finished-at="2022-09-05T22:01:27 IST" duration-ms="3" status="PASS">
          <reporter-output>
          </reporter-output>
        </test-method> <!-- update -->
        <test-method signature="CreateCustomer()[pri:1, instance:org.testNg.Priority1@5f058f00]" started-at="2022-09-05T22:01:27 IST" name="CreateCustomer" finished-at="2022-09-05T22:01:27 IST" duration-ms="1" status="PASS">
          <reporter-output>
          </reporter-output>
        </test-method> <!-- CreateCustomer -->
        <test-method signature="Login()[pri:2, instance:org.testNg.Priority1@5f058f00]" started-at="2022-09-05T22:01:27 IST" name="Login" finished-at="2022-09-05T22:01:27 IST" duration-ms="6" status="PASS">
          <reporter-output>
          </reporter-output>
        </test-method> <!-- Login -->
        <test-method signature="Delete()[pri:4, instance:org.testNg.Priority1@5f058f00]" started-at="2022-09-05T22:01:27 IST" name="Delete" finished-at="2022-09-05T22:01:27 IST" duration-ms="2" status="PASS">
          <reporter-output>
          </reporter-output>
        </test-method> <!-- Delete -->
        <test-method signature="logout()[pri:6, instance:org.testNg.Priority1@5f058f00]" started-at="2022-09-05T22:01:27 IST" name="logout" finished-at="2022-09-05T22:01:27 IST" duration-ms="6" status="PASS">
          <reporter-output>
          </reporter-output>
        </test-method> <!-- logout -->
      </class> <!-- org.testNg.Priority1 -->
    </test> <!-- Default test -->
  </suite> <!-- Default suite -->
</testng-results>
